0 info it worked if it ends with ok
1 verbose cli [ '/Users/ada/.nvm/versions/node/v6.3.1/bin/node',
1 verbose cli   '/Users/ada/.nvm/versions/node/v6.3.1/bin/npm',
1 verbose cli   'run',
1 verbose cli   'examples:readme' ]
2 info using npm@3.10.3
3 info using node@v6.3.1
4 verbose run-script [ 'preexamples:readme',
4 verbose run-script   'examples:readme',
4 verbose run-script   'postexamples:readme' ]
5 info lifecycle love-notes@1.0.0~preexamples:readme: love-notes@1.0.0
6 silly lifecycle love-notes@1.0.0~preexamples:readme: no script for preexamples:readme, continuing
7 info lifecycle love-notes@1.0.0~examples:readme: love-notes@1.0.0
8 verbose lifecycle love-notes@1.0.0~examples:readme: unsafe-perm in lifecycle true
9 verbose lifecycle love-notes@1.0.0~examples:readme: PATH: /Users/ada/.nvm/versions/node/v6.3.1/lib/node_modules/npm/bin/node-gyp-bin:/Users/ada/github/love-notes/node_modules/.bin:/Users/ada/.nvm/versions/node/v6.3.1/bin:/Users/ada/.nvm/versions/node/v6.3.1/bin:/usr/local/bin:/usr/bin:/bin:/usr/sbin:/sbin:/opt/X11/bin
10 verbose lifecycle love-notes@1.0.0~examples:readme: CWD: /Users/ada/github/love-notes
11 silly lifecycle love-notes@1.0.0~examples:readme: Args: [ '-c',
11 silly lifecycle   'DEBUG=*:log node --inspect examples/readme-example.js ' ]
12 silly lifecycle love-notes@1.0.0~examples:readme: Returned: code: 1  signal: null
13 info lifecycle love-notes@1.0.0~examples:readme: Failed to exec examples:readme script
14 verbose stack Error: love-notes@1.0.0 examples:readme: `DEBUG=*:log node --inspect examples/readme-example.js `
14 verbose stack Exit status 1
14 verbose stack     at EventEmitter.<anonymous> (/Users/ada/.nvm/versions/node/v6.3.1/lib/node_modules/npm/lib/utils/lifecycle.js:242:16)
14 verbose stack     at emitTwo (events.js:106:13)
14 verbose stack     at EventEmitter.emit (events.js:191:7)
14 verbose stack     at ChildProcess.<anonymous> (/Users/ada/.nvm/versions/node/v6.3.1/lib/node_modules/npm/lib/utils/spawn.js:40:14)
14 verbose stack     at emitTwo (events.js:106:13)
14 verbose stack     at ChildProcess.emit (events.js:191:7)
14 verbose stack     at maybeClose (internal/child_process.js:852:16)
14 verbose stack     at Process.ChildProcess._handle.onexit (internal/child_process.js:215:5)
15 verbose pkgid love-notes@1.0.0
16 verbose cwd /Users/ada/github/love-notes
17 error Darwin 16.4.0
18 error argv "/Users/ada/.nvm/versions/node/v6.3.1/bin/node" "/Users/ada/.nvm/versions/node/v6.3.1/bin/npm" "run" "examples:readme"
19 error node v6.3.1
20 error npm  v3.10.3
21 error code ELIFECYCLE
22 error love-notes@1.0.0 examples:readme: `DEBUG=*:log node --inspect examples/readme-example.js `
22 error Exit status 1
23 error Failed at the love-notes@1.0.0 examples:readme script 'DEBUG=*:log node --inspect examples/readme-example.js '.
23 error Make sure you have the latest version of node.js and npm installed.
23 error If you do, this is most likely a problem with the love-notes package,
23 error not with npm itself.
23 error Tell the author that this fails on your system:
23 error     DEBUG=*:log node --inspect examples/readme-example.js
23 error You can get information on how to open an issue for this project with:
23 error     npm bugs love-notes
23 error Or if that isn't available, you can get their info via:
23 error     npm owner ls love-notes
23 error There is likely additional logging output above.
24 verbose exit [ 1, true ]
